0 info it worked if it ends with ok
<<<<<<< HEAD
1 verbose cli [ 'C:\\Program Files\\nodejs\\node.exe',
1 verbose cli   'C:\\Program Files\\nodejs\\node_modules\\npm\\bin\\npm-cli.js',
1 verbose cli   'start' ]
2 info using npm@2.15.9
3 info using node@v4.6.0
4 verbose stack Error: ENOENT: no such file or directory, open 'C:\Users\Chad\Documents\GitHub\Web-Development-Fitness-App\app\package.json'
4 verbose stack     at Error (native)
5 verbose cwd C:\Users\Chad\Documents\GitHub\Web-Development-Fitness-App\app
6 error Windows_NT 10.0.14393
7 error argv "C:\\Program Files\\nodejs\\node.exe" "C:\\Program Files\\nodejs\\node_modules\\npm\\bin\\npm-cli.js" "start"
8 error node v4.6.0
9 error npm  v2.15.9
10 error path C:\Users\Chad\Documents\GitHub\Web-Development-Fitness-App\app\package.json
11 error code ENOENT
12 error errno -4058
13 error syscall open
14 error enoent ENOENT: no such file or directory, open 'C:\Users\Chad\Documents\GitHub\Web-Development-Fitness-App\app\package.json'
14 error enoent This is most likely not a problem with npm itself
14 error enoent and is related to npm not being able to find a file.
15 verbose exit [ -4058, true ]
=======
1 verbose cli [ '/usr/local/bin/node', '/usr/local/bin/npm', 'start' ]
2 info using npm@2.15.5
3 info using node@v4.4.5
4 verbose run-script [ 'prestart', 'start', 'poststart' ]
5 info prestart app@0.0.0
6 info start app@0.0.0
7 verbose unsafe-perm in lifecycle true
8 info app@0.0.0 Failed to exec start script
9 verbose stack Error: app@0.0.0 start: `node ./bin/www`
9 verbose stack Exit status 1
9 verbose stack     at EventEmitter.<anonymous> (/usr/local/lib/node_modules/npm/lib/utils/lifecycle.js:217:16)
9 verbose stack     at emitTwo (events.js:87:13)
9 verbose stack     at EventEmitter.emit (events.js:172:7)
9 verbose stack     at ChildProcess.<anonymous> (/usr/local/lib/node_modules/npm/lib/utils/spawn.js:24:14)
9 verbose stack     at emitTwo (events.js:87:13)
9 verbose stack     at ChildProcess.emit (events.js:172:7)
9 verbose stack     at maybeClose (internal/child_process.js:827:16)
9 verbose stack     at Process.ChildProcess._handle.onexit (internal/child_process.js:211:5)
10 verbose pkgid app@0.0.0
11 verbose cwd /Users/atalakbari/Desktop/Web-Development-Fitness-App/app
12 error Darwin 15.6.0
13 error argv "/usr/local/bin/node" "/usr/local/bin/npm" "start"
14 error node v4.4.5
15 error npm  v2.15.5
16 error code ELIFECYCLE
17 error app@0.0.0 start: `node ./bin/www`
17 error Exit status 1
18 error Failed at the app@0.0.0 start script 'node ./bin/www'.
18 error This is most likely a problem with the app package,
18 error not with npm itself.
18 error Tell the author that this fails on your system:
18 error     node ./bin/www
18 error You can get information on how to open an issue for this project with:
18 error     npm bugs app
18 error Or if that isn't available, you can get their info via:
18 error
18 error     npm owner ls app
18 error There is likely additional logging output above.
19 verbose exit [ 1, true ]
>>>>>>> 65b310c51dfe527652adb4dcb1312159247e1d97
